<?xml version="1.0" encoding="UTF-8"?>
<!-- Generated by org.testng.reporters.JUnitReportReporter -->
<testsuite skipped="0" hostname="Anithas-MacBook-Pro.local" name="com.webapp.tests.LandingPageTest" tests="2" failures="0" timestamp="12 Feb 2021 19:25:51 GMT" time="50.686" errors="0">
  <testcase name="verifyLandingPageTitleTest" time="22.729" classname="com.webapp.tests.LandingPageTest"/>
  <testcase name="verifyLogoutPageTitleTest" time="27.957" classname="com.webapp.tests.LandingPageTest"/>
</testsuite> <!-- com.webapp.tests.LandingPageTest -->
