<?xml version="1.0" encoding="UTF-8"?>
<!-- Generated by org.testng.reporters.JUnitReportReporter -->
<testsuite skipped="0" hostname="Anithas-MacBook-Pro.local" name="com.webapp.tests.KeywordLoginTest" tests="1" failures="0" timestamp="11 Feb 2021 19:26:14 GMT" time="41.744" errors="0">
  <testcase name="keywordLoginTest" time="41.744" classname="com.webapp.tests.KeywordLoginTest"/>
</testsuite> <!-- com.webapp.tests.KeywordLoginTest -->
