<?xml version="1.0" encoding="UTF-8"?>
<!-- Generated by org.testng.reporters.JUnitReportReporter -->
<testsuite skipped="0" hostname="Anithas-MacBook-Pro.local" name="com.webapp.tests.KeywordLoginTest" tests="1" failures="0" timestamp="15 Feb 2021 19:04:49 GMT" time="11.399" errors="0">
  <testcase name="keywordLoginTest" time="11.399" classname="com.webapp.tests.KeywordLoginTest"/>
</testsuite> <!-- com.webapp.tests.KeywordLoginTest -->
