<?xml version="1.0" encoding="UTF-8"?>
<!-- Generated by org.testng.reporters.JUnitReportReporter -->
<testsuite skipped="0" hostname="Anithas-MacBook-Pro.local" name="com.webapp.tests.LandingPageTest" tests="2" failures="0" timestamp="15 Feb 2021 19:04:49 GMT" time="26.841" errors="0">
  <testcase name="verifyLandingPageTitleTest" time="12.577" classname="com.webapp.tests.LandingPageTest"/>
  <testcase name="verifyLogoutPageTitleTest" time="14.264" classname="com.webapp.tests.LandingPageTest"/>
</testsuite> <!-- com.webapp.tests.LandingPageTest -->
