<?xml version="1.0" encoding="UTF-8"?>
<!-- Generated by org.testng.reporters.JUnitReportReporter -->
<testsuite skipped="0" hostname="Anithas-MacBook-Pro.local" name="com.webapp.tests.HomePageTest" tests="1" failures="0" timestamp="15 Feb 2021 19:04:49 GMT" time="4.890" errors="0">
  <testcase name="verifyHomePageTitle" time="4.890" classname="com.webapp.tests.HomePageTest"/>
</testsuite> <!-- com.webapp.tests.HomePageTest -->
