<?xml version="1.0" encoding="UTF-8"?>
<!-- Generated by org.testng.reporters.JUnitReportReporter -->
<testsuite skipped="0" hostname="Anithas-MacBook-Pro.local" name="com.webapp.tests.LoginTest" tests="2" failures="0" timestamp="15 Feb 2021 19:04:49 GMT" time="107.030" errors="0">
  <testcase name="loginTest" time="9.149" classname="com.webapp.tests.LoginTest"/>
  <testcase name="loginTest" time="97.881" classname="com.webapp.tests.LoginTest"/>
</testsuite> <!-- com.webapp.tests.LoginTest -->
